INFO:root:New user
INFO:aiogram.event:Update id=27486506 is handled. Duration 110 ms by bot id=8177988973
INFO:aiogram.event:Update id=27486507 is handled. Duration 62 ms by bot id=8177988973
INFO:aiogram.event:Update id=27486508 is handled. Duration 78 ms by bot id=8177988973
INFO:aiogram.event:Update id=27486509 is handled. Duration 47 ms by bot id=8177988973
INFO:aiogram.event:Update id=27486510 is handled. Duration 62 ms by bot id=8177988973
INFO:aiogram.event:Update id=27486511 is handled. Duration 62 ms by bot id=8177988973
INFO:aiogram.event:Update id=27486512 is handled. Duration 62 ms by bot id=8177988973
INFO:aiogram.event:Update id=27486513 is handled. Duration 61 ms by bot id=8177988973
INFO:aiogram.event:Update id=27486514 is handled. Duration 62 ms by bot id=8177988973
INFO:aiogram.event:Update id=27486515 is handled. Duration 62 ms by bot id=8177988973
INFO:aiogram.event:Update id=27486516 is handled. Duration 62 ms by bot id=8177988973
INFO:aiogram.event:Update id=27486517 is handled. Duration 63 ms by bot id=8177988973
INFO:aiogram.event:Update id=27486518 is handled. Duration 78 ms by bot id=8177988973
INFO:aiogram.event:Update id=27486519 is handled. Duration 156 ms by bot id=8177988973
INFO:aiogram.event:Update id=27486520 is handled. Duration 108 ms by bot id=8177988973
INFO:aiogram.event:Update id=27486521 is handled. Duration 46 ms by bot id=8177988973
INFO:aiogram.event:Update id=27486522 is handled. Duration 62 ms by bot id=8177988973
INFO:aiogram.event:Update id=27486523 is handled. Duration 172 ms by bot id=8177988973
INFO:aiogram.event:Update id=27486524 is handled. Duration 139 ms by bot id=8177988973
INFO:aiogram.event:Update id=27486525 is handled. Duration 78 ms by bot id=8177988973
INFO:aiogram.event:Update id=27486526 is not handled. Duration 0 ms by bot id=8177988973
INFO:aiogram.event:Update id=27486527 is not handled. Duration 0 ms by bot id=8177988973
INFO:aiogram.event:Update id=27486528 is handled. Duration 62 ms by bot id=8177988973
INFO:aiogram.event:Update id=27486529 is handled. Duration 62 ms by bot id=8177988973
INFO:aiogram.event:Update id=27486530 is handled. Duration 93 ms by bot id=8177988973
INFO:aiogram.event:Update id=27486531 is handled. Duration 63 ms by bot id=8177988973
INFO:aiogram.event:Update id=27486532 is handled. Duration 62 ms by bot id=8177988973
INFO:aiogram.event:Update id=27486533 is handled. Duration 77 ms by bot id=8177988973
INFO:aiogram.event:Update id=27486534 is handled. Duration 250 ms by bot id=8177988973
INFO:aiogram.event:Update id=27486535 is handled. Duration 62 ms by bot id=8177988973
INFO:aiogram.event:Update id=27486536 is not handled. Duration 0 ms by bot id=8177988973
ERROR:asyncio:Unclosed client session
client_session: <aiohttp.client.ClientSession object at 0x0000018E8D382FC0>
ERROR:asyncio:Unclosed client session
client_session: <aiohttp.client.ClientSession object at 0x000001EAD6D3E6F0>
ERROR:asyncio:Unclosed connector
connections: ['[(<aiohttp.client_proto.ResponseHandler object at 0x000001EAD6AC5970>, 128743.765)]']
connector: <aiohttp.connector.TCPConnector object at 0x000001EAD6D3E6C0>
ERROR:asyncio:Unclosed client session
client_session: <aiohttp.client.ClientSession object at 0x000001EAD69ABD10>
INFO:aiogram.event:Update id=27486537 is handled. Duration 141 ms by bot id=8177988973
INFO:aiogram.event:Update id=27486538 is handled. Duration 312 ms by bot id=8177988973
INFO:aiogram.event:Update id=27486539 is handled. Duration 47 ms by bot id=8177988973
INFO:aiogram.event:Update id=27486540 is handled. Duration 141 ms by bot id=8177988973
INFO:aiogram.event:Update id=27486541 is handled. Duration 62 ms by bot id=8177988973
INFO:aiogram.event:Update id=27486542 is handled. Duration 125 ms by bot id=8177988973
INFO:aiogram.event:Update id=27486543 is handled. Duration 62 ms by bot id=8177988973
INFO:aiogram.event:Update id=27486544 is not handled. Duration 0 ms by bot id=8177988973
INFO:aiogram.event:Update id=27486545 is handled. Duration 108 ms by bot id=8177988973
INFO:aiogram.event:Update id=27486546 is not handled. Duration 0 ms by bot id=8177988973
ERROR:asyncio:Unclosed client session
client_session: <aiohttp.client.ClientSession object at 0x0000019297434440>
ERROR:asyncio:Unclosed client session
client_session: <aiohttp.client.ClientSession object at 0x0000028442610320>
ERROR:asyncio:Unclosed client session
client_session: <aiohttp.client.ClientSession object at 0x000002844263BF80>
ERROR:asyncio:Unclosed connector
connections: ['[(<aiohttp.client_proto.ResponseHandler object at 0x0000028442649550>, 131158.437)]']
connector: <aiohttp.connector.TCPConnector object at 0x000002844263BF50>
INFO:aiogram.event:Update id=27486547 is handled. Duration 266 ms by bot id=8177988973
ERROR:asyncio:Unclosed client session
client_session: <aiohttp.client.ClientSession object at 0x000001709B93F200>
INFO:aiogram.event:Update id=27486548 is handled. Duration 155 ms by bot id=8177988973
INFO:aiogram.event:Update id=27486549 is handled. Duration 62 ms by bot id=8177988973
ERROR:asyncio:Unclosed client session
client_session: <aiohttp.client.ClientSession object at 0x000001F2B7D9B5F0>
ERROR:asyncio:Unclosed client session
client_session: <aiohttp.client.ClientSession object at 0x000002395101A3C0>
ERROR:asyncio:Unclosed client session
client_session: <aiohttp.client.ClientSession object at 0x0000023951005CA0>
ERROR:asyncio:Unclosed connector
connections: ['[(<aiohttp.client_proto.ResponseHandler object at 0x000002395104B1D0>, 134237.546)]']
connector: <aiohttp.connector.TCPConnector object at 0x00000239510708C0>
INFO:aiogram.event:Update id=27486550 is handled. Duration 92 ms by bot id=8177988973
INFO:aiogram.event:Update id=27486551 is not handled. Duration 0 ms by bot id=8177988973
INFO:aiogram.event:Update id=27486551 is not handled. Duration 0 ms by bot id=8177988973
INFO:aiogram.event:Update id=27486551 is not handled. Duration 0 ms by bot id=8177988973
INFO:aiogram.event:Update id=27486551 is not handled. Duration 15 ms by bot id=8177988973
INFO:aiogram.event:Update id=27486551 is not handled. Duration 0 ms by bot id=8177988973
ERROR:asyncio:Unclosed client session
client_session: <aiohttp.client.ClientSession object at 0x000001D55EEC43E0>
